Better speed can be achieved with apex installed from https://www.github.com/nvidia/apex.
07/23/2019 16:34:42 - INFO - __main__ -   train examples 577157
07/23/2019 16:34:46 - INFO - __main__ -   load bert weight
07/23/2019 16:34:47 - INFO - __main__ -   missing keys:['classifier.weight', 'classifier.bias', 'idiom_embedding.weight']
07/23/2019 16:34:47 - INFO - __main__ -   unexpected keys:['cls.predictions.bias', 'cls.predictions.transform.dense.weight', 'cls.predictions.transform.dense.bias', 'cls.predictions.transform.LayerNorm.weight', 'cls.predictions.transform.LayerNorm.bias', 'cls.predictions.decoder.weight', 'cls.seq_relationship.weight', 'cls.seq_relationship.bias']
07/23/2019 16:34:47 - INFO - __main__ -   error msgs:[]
07/23/2019 16:35:25 - INFO - __main__ -   ***** Running training *****
07/23/2019 16:35:25 - INFO - __main__ -     Num orig examples = 577157
07/23/2019 16:35:25 - INFO - __main__ -     Num split examples = 577157
07/23/2019 16:35:25 - INFO - __main__ -     Batch size = 16
07/23/2019 16:35:25 - INFO - __main__ -     Num steps = 360723
Epoch:   0%|          | 0/10 [00:00<?, ?it/s]07/23/2019 16:44:10 - INFO - __main__ -   loss@999:2.3014488220214844
07/23/2019 16:52:41 - INFO - __main__ -   loss@1999:2.3040566444396973
07/23/2019 17:01:16 - INFO - __main__ -   loss@2999:2.3045122623443604
07/23/2019 17:09:50 - INFO - __main__ -   loss@3999:2.301706075668335
07/23/2019 17:18:25 - INFO - __main__ -   loss@4999:2.3012473583221436
07/23/2019 17:27:00 - INFO - __main__ -   loss@5999:2.302231788635254
07/23/2019 17:35:35 - INFO - __main__ -   loss@6999:2.302769184112549
07/23/2019 17:44:08 - INFO - __main__ -   loss@7999:2.303623914718628
07/23/2019 17:52:39 - INFO - __main__ -   loss@8999:2.3032121658325195
07/23/2019 18:01:10 - INFO - __main__ -   loss@9999:2.303928852081299
07/23/2019 18:09:38 - INFO - __main__ -   loss@10999:2.3028340339660645
07/23/2019 18:18:06 - INFO - __main__ -   loss@11999:2.298111915588379
07/23/2019 18:26:35 - INFO - __main__ -   loss@12999:2.3000240325927734
07/23/2019 18:35:03 - INFO - __main__ -   loss@13999:2.301887273788452
07/23/2019 18:43:32 - INFO - __main__ -   loss@14999:2.2993884086608887
07/23/2019 18:52:02 - INFO - __main__ -   loss@15999:2.2959704399108887
07/23/2019 19:00:29 - INFO - __main__ -   loss@16999:2.2940592765808105
07/23/2019 19:08:56 - INFO - __main__ -   loss@17999:2.287118911743164
07/23/2019 19:17:24 - INFO - __main__ -   loss@18999:2.2946414947509766
07/23/2019 19:25:55 - INFO - __main__ -   loss@19999:2.2810730934143066
07/23/2019 19:34:28 - INFO - __main__ -   loss@20999:2.287135601043701
07/23/2019 19:42:59 - INFO - __main__ -   loss@21999:2.280806064605713
07/23/2019 19:51:31 - INFO - __main__ -   loss@22999:2.278634786605835
07/23/2019 20:00:04 - INFO - __main__ -   loss@23999:2.2777228355407715
07/23/2019 20:08:33 - INFO - __main__ -   loss@24999:2.2737808227539062
07/23/2019 20:17:04 - INFO - __main__ -   loss@25999:2.266569137573242
07/23/2019 20:25:36 - INFO - __main__ -   loss@26999:2.263671875
07/23/2019 20:34:04 - INFO - __main__ -   loss@27999:2.2346174716949463
07/23/2019 20:42:32 - INFO - __main__ -   loss@28999:2.225550651550293
07/23/2019 20:51:01 - INFO - __main__ -   loss@29999:2.2546894550323486
07/23/2019 20:59:33 - INFO - __main__ -   loss@30999:2.1902894973754883
07/23/2019 21:07:58 - INFO - __main__ -   loss@31999:2.0929393768310547
07/23/2019 21:16:25 - INFO - __main__ -   loss@32999:2.116729497909546
07/23/2019 21:24:57 - INFO - __main__ -   loss@33999:2.128631830215454
07/23/2019 21:33:28 - INFO - __main__ -   loss@34999:2.036362409591675
07/23/2019 21:42:01 - INFO - __main__ -   loss@35999:1.961073875427246
Epoch:  10%|█         | 1/10 [5:06:49<46:01:24, 18409.44s/it]07/23/2019 21:51:09 - INFO - __main__ -   loss@999:2.0546953678131104
07/23/2019 21:59:41 - INFO - __main__ -   loss@1999:1.9258944988250732
07/23/2019 22:08:31 - INFO - __main__ -   loss@2999:1.970446228981018
07/23/2019 22:16:59 - INFO - __main__ -   loss@3999:1.6764737367630005
07/23/2019 22:25:30 - INFO - __main__ -   loss@4999:1.525146722793579
07/23/2019 22:34:01 - INFO - __main__ -   loss@5999:1.847489356994629
07/23/2019 22:42:32 - INFO - __main__ -   loss@6999:1.6666032075881958
Traceback (most recent call last):
  File "run_chid.py", line 579, in <module>
    main()
  File "run_chid.py", line 500, in main
    loss.backward()
  File "/usr/local/lib/python3.5/dist-packages/torch/tensor.py", line 102, in backward
    torch.autograd.backward(self, gradient, retain_graph, create_graph)
  File "/usr/local/lib/python3.5/dist-packages/torch/autograd/__init__.py", line 90, in backward
    allow_unreachable=True)  # allow_unreachable flag
KeyboardInterrupt
Exception ignored in: <bound method tqdm.__del__ of Epoch:  10%|█         | 1/10 [6:06:50<46:01:24, 18409.44s/it]>
Traceback (most recent call last):
  File "/usr/local/lib/python3.5/dist-packages/tqdm/_tqdm.py", line 931, in __del__
    self.close()
  File "/usr/local/lib/python3.5/dist-packages/tqdm/_tqdm.py", line 1133, in close
    self._decr_instances(self)
  File "/usr/local/lib/python3.5/dist-packages/tqdm/_tqdm.py", line 496, in _decr_instances
    cls.monitor.exit()
  File "/usr/local/lib/python3.5/dist-packages/tqdm/_monitor.py", line 52, in exit
    self.join()
  File "/usr/lib/python3.5/threading.py", line 1051, in join
    raise RuntimeError("cannot join current thread")
RuntimeError: cannot join current thread
Better speed can be achieved with apex installed from https://www.github.com/nvidia/apex.
07/23/2019 22:43:11 - INFO - __main__ -   train examples 577157
07/23/2019 22:43:16 - INFO - __main__ -   load bert weight
07/23/2019 22:43:19 - INFO - __main__ -   missing keys:['classifier.weight', 'classifier.bias', 'idiom_embedding.weight']
07/23/2019 22:43:19 - INFO - __main__ -   unexpected keys:['cls.predictions.bias', 'cls.predictions.transform.dense.weight', 'cls.predictions.transform.dense.bias', 'cls.predictions.transform.LayerNorm.weight', 'cls.predictions.transform.LayerNorm.bias', 'cls.predictions.decoder.weight', 'cls.seq_relationship.weight', 'cls.seq_relationship.bias']
07/23/2019 22:43:19 - INFO - __main__ -   error msgs:[]
07/23/2019 22:44:49 - INFO - __main__ -   ***** Running training *****
07/23/2019 22:44:49 - INFO - __main__ -     Num orig examples = 577157
07/23/2019 22:44:49 - INFO - __main__ -     Num split examples = 577157
07/23/2019 22:44:49 - INFO - __main__ -     Batch size = 16
07/23/2019 22:44:49 - INFO - __main__ -     Num steps = 108216
Epoch:   0%|          | 0/3 [00:00<?, ?it/s]07/23/2019 22:53:30 - INFO - __main__ -   loss@999:2.3014538288116455
07/23/2019 23:01:53 - INFO - __main__ -   loss@1999:2.3038885593414307
07/23/2019 23:10:16 - INFO - __main__ -   loss@2999:2.304603099822998
07/23/2019 23:18:41 - INFO - __main__ -   loss@3999:2.3009586334228516
07/23/2019 23:27:02 - INFO - __main__ -   loss@4999:2.299185037612915
07/23/2019 23:35:18 - INFO - __main__ -   loss@5999:2.2996039390563965
07/23/2019 23:43:36 - INFO - __main__ -   loss@6999:2.300999879837036
07/23/2019 23:51:55 - INFO - __main__ -   loss@7999:2.2959327697753906
07/24/2019 00:00:17 - INFO - __main__ -   loss@8999:2.290339946746826
07/24/2019 00:08:42 - INFO - __main__ -   loss@9999:2.2699732780456543
07/24/2019 00:17:07 - INFO - __main__ -   loss@10999:2.258192539215088
07/24/2019 00:25:34 - INFO - __main__ -   loss@11999:2.249415159225464
07/24/2019 00:33:59 - INFO - __main__ -   loss@12999:2.250579357147217
07/24/2019 00:42:25 - INFO - __main__ -   loss@13999:2.245687484741211
07/24/2019 00:50:52 - INFO - __main__ -   loss@14999:2.2261226177215576
07/24/2019 00:59:17 - INFO - __main__ -   loss@15999:2.1892082691192627
07/24/2019 01:07:43 - INFO - __main__ -   loss@16999:2.1979753971099854
07/24/2019 01:16:10 - INFO - __main__ -   loss@17999:2.149545431137085
07/24/2019 01:24:36 - INFO - __main__ -   loss@18999:2.1223957538604736
07/24/2019 01:33:02 - INFO - __main__ -   loss@19999:1.9973406791687012
07/24/2019 01:41:28 - INFO - __main__ -   loss@20999:2.042839765548706
07/24/2019 01:49:54 - INFO - __main__ -   loss@21999:2.043335437774658
07/24/2019 01:58:21 - INFO - __main__ -   loss@22999:2.1195759773254395
07/24/2019 02:06:48 - INFO - __main__ -   loss@23999:2.013721227645874
07/24/2019 02:15:12 - INFO - __main__ -   loss@24999:1.9623697996139526
07/24/2019 02:23:34 - INFO - __main__ -   loss@25999:2.029895067214966
07/24/2019 02:32:00 - INFO - __main__ -   loss@26999:1.9340705871582031
07/24/2019 02:40:24 - INFO - __main__ -   loss@27999:1.7925132513046265
07/24/2019 02:48:47 - INFO - __main__ -   loss@28999:1.8066304922103882
07/24/2019 02:57:08 - INFO - __main__ -   loss@29999:1.9980926513671875
07/24/2019 03:05:32 - INFO - __main__ -   loss@30999:1.7854071855545044
07/24/2019 03:13:57 - INFO - __main__ -   loss@31999:1.5400880575180054
07/24/2019 03:22:21 - INFO - __main__ -   loss@32999:1.5504112243652344
07/24/2019 03:30:46 - INFO - __main__ -   loss@33999:1.7287161350250244
07/24/2019 03:39:10 - INFO - __main__ -   loss@34999:1.6576857566833496
07/24/2019 03:47:34 - INFO - __main__ -   loss@35999:1.4441502094268799
Epoch:  33%|███▎      | 1/3 [5:02:59<10:05:58, 18179.34s/it]07/24/2019 03:56:34 - INFO - __main__ -   loss@999:1.7127631902694702
07/24/2019 04:05:00 - INFO - __main__ -   loss@1999:1.5533177852630615
07/24/2019 04:13:27 - INFO - __main__ -   loss@2999:1.7365528345108032
07/24/2019 04:21:54 - INFO - __main__ -   loss@3999:1.3130637407302856
07/24/2019 04:30:22 - INFO - __main__ -   loss@4999:1.177746295928955
07/24/2019 04:38:50 - INFO - __main__ -   loss@5999:1.6758514642715454
07/24/2019 04:47:18 - INFO - __main__ -   loss@6999:1.3782970905303955
07/24/2019 04:55:46 - INFO - __main__ -   loss@7999:1.3861624002456665
07/24/2019 05:04:13 - INFO - __main__ -   loss@8999:1.5901926755905151
07/24/2019 05:12:40 - INFO - __main__ -   loss@9999:1.3539488315582275
07/24/2019 05:21:07 - INFO - __main__ -   loss@10999:1.5127145051956177
07/24/2019 05:29:33 - INFO - __main__ -   loss@11999:1.5564708709716797
07/24/2019 05:38:00 - INFO - __main__ -   loss@12999:1.4766077995300293
07/24/2019 05:46:29 - INFO - __main__ -   loss@13999:1.7120237350463867
07/24/2019 05:54:58 - INFO - __main__ -   loss@14999:1.1964111328125
07/24/2019 06:03:26 - INFO - __main__ -   loss@15999:1.2373998165130615
07/24/2019 06:11:52 - INFO - __main__ -   loss@16999:1.2261714935302734
07/24/2019 06:20:19 - INFO - __main__ -   loss@17999:1.4693045616149902
07/24/2019 06:28:47 - INFO - __main__ -   loss@18999:1.2385222911834717
07/24/2019 06:37:12 - INFO - __main__ -   loss@19999:1.368491530418396
07/24/2019 06:45:39 - INFO - __main__ -   loss@20999:1.5533082485198975
07/24/2019 06:54:05 - INFO - __main__ -   loss@21999:1.4538567066192627
07/24/2019 07:02:32 - INFO - __main__ -   loss@22999:1.4680092334747314
07/24/2019 07:11:00 - INFO - __main__ -   loss@23999:1.1418319940567017
07/24/2019 07:19:27 - INFO - __main__ -   loss@24999:1.4099053144454956
07/24/2019 07:27:55 - INFO - __main__ -   loss@25999:1.1353096961975098
07/24/2019 07:36:23 - INFO - __main__ -   loss@26999:1.366715669631958
07/24/2019 07:44:47 - INFO - __main__ -   loss@27999:1.1060961484909058
07/24/2019 07:53:13 - INFO - __main__ -   loss@28999:1.3829612731933594
07/24/2019 08:01:39 - INFO - __main__ -   loss@29999:1.6509746313095093
07/24/2019 08:10:04 - INFO - __main__ -   loss@30999:1.2204385995864868
07/24/2019 08:18:18 - INFO - __main__ -   loss@31999:1.556017279624939
07/24/2019 08:26:30 - INFO - __main__ -   loss@32999:1.2118620872497559
07/24/2019 08:34:44 - INFO - __main__ -   loss@33999:1.6005189418792725
07/24/2019 08:43:00 - INFO - __main__ -   loss@34999:1.4908274412155151
07/24/2019 08:51:15 - INFO - __main__ -   loss@35999:1.5530258417129517
Epoch:  67%|██████▋   | 2/3 [10:06:40<5:03:11, 18191.82s/it]07/24/2019 09:00:08 - INFO - __main__ -   loss@999:1.2120009660720825
07/24/2019 09:08:26 - INFO - __main__ -   loss@1999:1.2499158382415771
07/24/2019 09:16:42 - INFO - __main__ -   loss@2999:0.9445385932922363
07/24/2019 09:24:59 - INFO - __main__ -   loss@3999:0.8291305899620056
07/24/2019 09:33:19 - INFO - __main__ -   loss@4999:1.0883375406265259
07/24/2019 09:41:40 - INFO - __main__ -   loss@5999:1.4697785377502441
07/24/2019 09:50:05 - INFO - __main__ -   loss@6999:1.0675603151321411
07/24/2019 09:58:35 - INFO - __main__ -   loss@7999:1.1367347240447998
07/24/2019 10:07:05 - INFO - __main__ -   loss@8999:1.0874093770980835
07/24/2019 10:15:26 - INFO - __main__ -   loss@9999:1.7298460006713867
07/24/2019 10:23:43 - INFO - __main__ -   loss@10999:1.1324228048324585
07/24/2019 10:31:53 - INFO - __main__ -   loss@11999:1.0660760402679443
07/24/2019 10:40:07 - INFO - __main__ -   loss@12999:1.0850108861923218
07/24/2019 10:48:26 - INFO - __main__ -   loss@13999:1.089971661567688
07/24/2019 10:56:49 - INFO - __main__ -   loss@14999:1.6176354885101318
07/24/2019 11:05:11 - INFO - __main__ -   loss@15999:1.3532267808914185
07/24/2019 11:13:33 - INFO - __main__ -   loss@16999:1.2812304496765137
07/24/2019 11:21:55 - INFO - __main__ -   loss@17999:1.059638261795044
07/24/2019 11:30:16 - INFO - __main__ -   loss@18999:1.0722719430923462
07/24/2019 11:38:38 - INFO - __main__ -   loss@19999:1.1739628314971924
07/24/2019 11:47:00 - INFO - __main__ -   loss@20999:1.161861538887024
07/24/2019 11:55:22 - INFO - __main__ -   loss@21999:1.1767563819885254
07/24/2019 12:03:44 - INFO - __main__ -   loss@22999:1.087666630744934
07/24/2019 12:12:04 - INFO - __main__ -   loss@23999:1.3013886213302612
07/24/2019 12:20:24 - INFO - __main__ -   loss@24999:1.2784841060638428
07/24/2019 12:28:46 - INFO - __main__ -   loss@25999:1.0046590566635132
07/24/2019 12:37:07 - INFO - __main__ -   loss@26999:1.0250139236450195
07/24/2019 12:45:30 - INFO - __main__ -   loss@27999:0.9717563390731812
07/24/2019 12:53:51 - INFO - __main__ -   loss@28999:1.0629175901412964
07/24/2019 13:02:16 - INFO - __main__ -   loss@29999:1.3198693990707397
07/24/2019 13:10:37 - INFO - __main__ -   loss@30999:1.6280614137649536
07/24/2019 13:19:00 - INFO - __main__ -   loss@31999:1.0920560359954834
07/24/2019 13:27:21 - INFO - __main__ -   loss@32999:1.3182295560836792
07/24/2019 13:35:41 - INFO - __main__ -   loss@33999:1.4565483331680298
07/24/2019 13:44:04 - INFO - __main__ -   loss@34999:1.0072574615478516
07/24/2019 13:52:24 - INFO - __main__ -   loss@35999:1.0451409816741943
Epoch: 100%|██████████| 3/3 [15:07:48<00:00, 18154.88s/it]  
07/24/2019 13:53:49 - INFO - __main__ -   ***** Running predictions *****
07/24/2019 13:53:49 - INFO - __main__ -     Num orig examples = 23011
07/24/2019 13:53:49 - INFO - __main__ -     Num split examples = 23011
07/24/2019 13:53:49 - INFO - __main__ -     Batch size = 16
07/24/2019 13:53:52 - INFO - __main__ -   Start evaluating
07/24/2019 13:53:52 - INFO - __main__ -   Processing example: 0
07/24/2019 13:54:10 - INFO - __main__ -   Processing example: 2000
07/24/2019 13:54:28 - INFO - __main__ -   Processing example: 4000
07/24/2019 13:54:47 - INFO - __main__ -   Processing example: 6000
07/24/2019 13:55:07 - INFO - __main__ -   Processing example: 8000
07/24/2019 13:55:27 - INFO - __main__ -   Processing example: 10000
07/24/2019 13:55:47 - INFO - __main__ -   Processing example: 12000
07/24/2019 13:56:07 - INFO - __main__ -   Processing example: 14000
07/24/2019 13:56:27 - INFO - __main__ -   Processing example: 16000
07/24/2019 13:56:46 - INFO - __main__ -   Processing example: 18000
07/24/2019 13:57:06 - INFO - __main__ -   Processing example: 20000
07/24/2019 13:57:26 - INFO - __main__ -   Processing example: 22000
Better speed can be achieved with apex installed from https://www.github.com/nvidia/apex.
07/24/2019 14:47:09 - INFO - __main__ -   train examples 577157
07/24/2019 14:47:13 - INFO - __main__ -   load bert weight
07/24/2019 14:47:18 - INFO - __main__ -   missing keys:['classifier.bias', 'classifier.weight', 'idiom_embedding.weight']
07/24/2019 14:47:18 - INFO - __main__ -   unexpected keys:['cls.predictions.bias', 'cls.predictions.transform.dense.weight', 'cls.predictions.transform.dense.bias', 'cls.predictions.transform.LayerNorm.weight', 'cls.predictions.transform.LayerNorm.bias', 'cls.predictions.decoder.weight', 'cls.seq_relationship.weight', 'cls.seq_relationship.bias']
07/24/2019 14:47:18 - INFO - __main__ -   error msgs:[]
07/24/2019 14:48:08 - INFO - __main__ -   ***** Running training *****
07/24/2019 14:48:08 - INFO - __main__ -     Num orig examples = 577157
07/24/2019 14:48:08 - INFO - __main__ -     Num split examples = 577157
07/24/2019 14:48:08 - INFO - __main__ -     Batch size = 16
07/24/2019 14:48:08 - INFO - __main__ -     Num steps = 360723
Epoch:   0%|          | 0/10 [00:00<?, ?it/s]07/24/2019 14:56:51 - INFO - __main__ -   loss@999:2.3014488220214844
07/24/2019 15:05:19 - INFO - __main__ -   loss@1999:2.3040566444396973
07/24/2019 15:13:47 - INFO - __main__ -   loss@2999:2.3045122623443604
07/24/2019 15:22:16 - INFO - __main__ -   loss@3999:2.301706075668335
07/24/2019 15:30:46 - INFO - __main__ -   loss@4999:2.3012473583221436
07/24/2019 15:39:12 - INFO - __main__ -   loss@5999:2.302231788635254
07/24/2019 15:47:38 - INFO - __main__ -   loss@6999:2.302769184112549
07/24/2019 15:55:59 - INFO - __main__ -   loss@7999:2.303623914718628
07/24/2019 16:04:19 - INFO - __main__ -   loss@8999:2.3032121658325195
07/24/2019 16:12:40 - INFO - __main__ -   loss@9999:2.303928852081299
07/24/2019 16:21:10 - INFO - __main__ -   loss@10999:2.3028340339660645
07/24/2019 16:29:37 - INFO - __main__ -   loss@11999:2.298111915588379
07/24/2019 16:38:03 - INFO - __main__ -   loss@12999:2.3000240325927734
07/24/2019 16:46:26 - INFO - __main__ -   loss@13999:2.301887273788452
07/24/2019 16:54:57 - INFO - __main__ -   loss@14999:2.2993884086608887
07/24/2019 17:03:29 - INFO - __main__ -   loss@15999:2.2959704399108887
07/24/2019 17:12:01 - INFO - __main__ -   loss@16999:2.2940592765808105
07/24/2019 17:20:28 - INFO - __main__ -   loss@17999:2.287118911743164
07/24/2019 17:28:53 - INFO - __main__ -   loss@18999:2.2946414947509766
07/24/2019 17:37:22 - INFO - __main__ -   loss@19999:2.2810730934143066
07/24/2019 17:45:56 - INFO - __main__ -   loss@20999:2.287135601043701
07/24/2019 17:54:27 - INFO - __main__ -   loss@21999:2.280806064605713
07/24/2019 18:02:59 - INFO - __main__ -   loss@22999:2.278634786605835
07/24/2019 18:11:28 - INFO - __main__ -   loss@23999:2.2777228355407715
07/24/2019 18:19:56 - INFO - __main__ -   loss@24999:2.2737808227539062
07/24/2019 18:28:22 - INFO - __main__ -   loss@25999:2.266569137573242
07/24/2019 18:36:47 - INFO - __main__ -   loss@26999:2.263671875
07/24/2019 18:45:13 - INFO - __main__ -   loss@27999:2.2346174716949463
07/24/2019 18:53:43 - INFO - __main__ -   loss@28999:2.225550651550293
07/24/2019 19:02:12 - INFO - __main__ -   loss@29999:2.2546894550323486
07/24/2019 19:10:43 - INFO - __main__ -   loss@30999:2.1902894973754883
07/24/2019 19:19:12 - INFO - __main__ -   loss@31999:2.0929393768310547
07/24/2019 19:27:38 - INFO - __main__ -   loss@32999:2.116729497909546
07/24/2019 19:36:06 - INFO - __main__ -   loss@33999:2.128631830215454
07/24/2019 19:44:36 - INFO - __main__ -   loss@34999:2.036362409591675
07/24/2019 19:53:04 - INFO - __main__ -   loss@35999:1.961073875427246
Epoch:  10%|█         | 1/10 [5:05:09<45:46:28, 18309.78s/it]07/24/2019 20:02:08 - INFO - __main__ -   loss@999:2.0546953678131104
07/24/2019 20:10:39 - INFO - __main__ -   loss@1999:1.9258944988250732
07/24/2019 20:19:07 - INFO - __main__ -   loss@2999:1.970446228981018
07/24/2019 20:27:36 - INFO - __main__ -   loss@3999:1.6764737367630005
07/24/2019 20:36:04 - INFO - __main__ -   loss@4999:1.525146722793579
07/24/2019 20:44:33 - INFO - __main__ -   loss@5999:1.847489356994629
07/24/2019 20:52:59 - INFO - __main__ -   loss@6999:1.6666032075881958
07/24/2019 21:01:26 - INFO - __main__ -   loss@7999:1.6728872060775757
07/24/2019 21:09:56 - INFO - __main__ -   loss@8999:1.724782943725586
07/24/2019 21:18:24 - INFO - __main__ -   loss@9999:1.5471794605255127
07/24/2019 21:26:52 - INFO - __main__ -   loss@10999:1.667678952217102
07/24/2019 21:35:19 - INFO - __main__ -   loss@11999:1.7111554145812988
07/24/2019 21:43:46 - INFO - __main__ -   loss@12999:1.5624996423721313
07/24/2019 21:52:12 - INFO - __main__ -   loss@13999:1.7862982749938965
07/24/2019 22:00:39 - INFO - __main__ -   loss@14999:1.3195710182189941
07/24/2019 22:09:05 - INFO - __main__ -   loss@15999:1.3666577339172363
07/24/2019 22:17:29 - INFO - __main__ -   loss@16999:1.2939505577087402
07/24/2019 22:26:00 - INFO - __main__ -   loss@17999:1.4984033107757568
07/24/2019 22:34:32 - INFO - __main__ -   loss@18999:1.2537423372268677
07/24/2019 22:43:02 - INFO - __main__ -   loss@19999:1.447851300239563
07/24/2019 22:51:28 - INFO - __main__ -   loss@20999:1.586198329925537
07/24/2019 22:59:53 - INFO - __main__ -   loss@21999:1.3689897060394287
07/24/2019 23:08:17 - INFO - __main__ -   loss@22999:1.4695724248886108
07/24/2019 23:16:40 - INFO - __main__ -   loss@23999:0.9885523319244385
07/24/2019 23:25:04 - INFO - __main__ -   loss@24999:1.3040059804916382
07/24/2019 23:33:26 - INFO - __main__ -   loss@25999:1.017411470413208
07/24/2019 23:41:47 - INFO - __main__ -   loss@26999:1.261637806892395
07/24/2019 23:50:11 - INFO - __main__ -   loss@27999:1.0698540210723877
07/24/2019 23:58:39 - INFO - __main__ -   loss@28999:1.3025217056274414
07/25/2019 00:07:06 - INFO - __main__ -   loss@29999:1.5937206745147705
07/25/2019 00:15:35 - INFO - __main__ -   loss@30999:1.1591601371765137
07/25/2019 00:24:04 - INFO - __main__ -   loss@31999:1.4908804893493652
07/25/2019 00:32:35 - INFO - __main__ -   loss@32999:1.0853883028030396
07/25/2019 00:41:00 - INFO - __main__ -   loss@33999:1.4804596900939941
07/25/2019 00:49:25 - INFO - __main__ -   loss@34999:1.418636679649353
07/25/2019 00:57:52 - INFO - __main__ -   loss@35999:1.3676095008850098
Epoch:  20%|██        | 2/10 [10:09:57<40:40:24, 18303.10s/it]07/25/2019 01:06:55 - INFO - __main__ -   loss@999:1.0349621772766113
07/25/2019 01:15:25 - INFO - __main__ -   loss@1999:1.074509859085083
07/25/2019 01:23:55 - INFO - __main__ -   loss@2999:0.7512533068656921
07/25/2019 01:32:24 - INFO - __main__ -   loss@3999:0.6992802619934082
07/25/2019 01:40:57 - INFO - __main__ -   loss@4999:0.8646717071533203
07/25/2019 01:49:30 - INFO - __main__ -   loss@5999:1.225459337234497
07/25/2019 01:57:58 - INFO - __main__ -   loss@6999:0.8772110939025879
07/25/2019 02:06:27 - INFO - __main__ -   loss@7999:0.9757748246192932
07/25/2019 02:14:53 - INFO - __main__ -   loss@8999:0.9527523517608643
07/25/2019 02:23:21 - INFO - __main__ -   loss@9999:1.5421156883239746
07/25/2019 02:31:48 - INFO - __main__ -   loss@10999:1.0778452157974243
07/25/2019 02:40:16 - INFO - __main__ -   loss@11999:0.9195854067802429
07/25/2019 02:48:45 - INFO - __main__ -   loss@12999:0.8349167108535767
07/25/2019 02:57:13 - INFO - __main__ -   loss@13999:1.0194590091705322
07/25/2019 03:05:40 - INFO - __main__ -   loss@14999:1.339248776435852
07/25/2019 03:14:07 - INFO - __main__ -   loss@15999:1.1261266469955444
07/25/2019 03:22:33 - INFO - __main__ -   loss@16999:1.0386769771575928
07/25/2019 03:30:59 - INFO - __main__ -   loss@17999:0.845787525177002
07/25/2019 03:39:25 - INFO - __main__ -   loss@18999:0.8426051139831543
07/25/2019 03:47:51 - INFO - __main__ -   loss@19999:0.8246012926101685
07/25/2019 03:56:18 - INFO - __main__ -   loss@20999:0.836790144443512
07/25/2019 04:04:45 - INFO - __main__ -   loss@21999:0.8625532388687134
07/25/2019 04:13:13 - INFO - __main__ -   loss@22999:0.732157289981842
07/25/2019 04:21:42 - INFO - __main__ -   loss@23999:1.0925400257110596
07/25/2019 04:30:13 - INFO - __main__ -   loss@24999:1.0940923690795898
07/25/2019 04:38:41 - INFO - __main__ -   loss@25999:0.5022498369216919
07/25/2019 04:47:11 - INFO - __main__ -   loss@26999:0.6864719986915588
07/25/2019 04:55:40 - INFO - __main__ -   loss@27999:0.6465539932250977
07/25/2019 05:04:06 - INFO - __main__ -   loss@28999:0.6912869215011597
07/25/2019 05:12:34 - INFO - __main__ -   loss@29999:0.6909663677215576
07/25/2019 05:21:00 - INFO - __main__ -   loss@30999:1.3309193849563599
07/25/2019 05:29:28 - INFO - __main__ -   loss@31999:0.6956332325935364
07/25/2019 05:37:57 - INFO - __main__ -   loss@32999:1.04790461063385
07/25/2019 05:46:25 - INFO - __main__ -   loss@33999:1.1822255849838257
07/25/2019 05:54:54 - INFO - __main__ -   loss@34999:0.8326217532157898
07/25/2019 06:03:22 - INFO - __main__ -   loss@35999:0.8577240705490112
Epoch:  30%|███       | 3/10 [15:15:28<35:36:19, 18311.42s/it]07/25/2019 06:12:24 - INFO - __main__ -   loss@999:0.7401862144470215
07/25/2019 06:20:52 - INFO - __main__ -   loss@1999:0.40582364797592163
07/25/2019 06:29:17 - INFO - __main__ -   loss@2999:0.2381536215543747
07/25/2019 06:37:45 - INFO - __main__ -   loss@3999:0.5352515578269958
07/25/2019 06:46:11 - INFO - __main__ -   loss@4999:0.6551792621612549
07/25/2019 06:54:39 - INFO - __main__ -   loss@5999:0.6645839214324951
07/25/2019 07:03:07 - INFO - __main__ -   loss@6999:0.5755887031555176
07/25/2019 07:11:35 - INFO - __main__ -   loss@7999:0.6619940996170044
07/25/2019 07:20:01 - INFO - __main__ -   loss@8999:0.5403443574905396
07/25/2019 07:28:28 - INFO - __main__ -   loss@9999:1.2052825689315796
07/25/2019 07:36:55 - INFO - __main__ -   loss@10999:0.3544226884841919
07/25/2019 07:45:16 - INFO - __main__ -   loss@11999:0.3612591326236725
07/25/2019 07:53:36 - INFO - __main__ -   loss@12999:0.8233394026756287
07/25/2019 08:01:57 - INFO - __main__ -   loss@13999:0.2838910222053528
07/25/2019 08:10:20 - INFO - __main__ -   loss@14999:0.6108570098876953
07/25/2019 08:18:38 - INFO - __main__ -   loss@15999:0.7781447172164917
07/25/2019 08:26:58 - INFO - __main__ -   loss@16999:0.7574135065078735
07/25/2019 08:35:20 - INFO - __main__ -   loss@17999:0.44073063135147095
07/25/2019 08:43:41 - INFO - __main__ -   loss@18999:0.41869691014289856
07/25/2019 08:52:02 - INFO - __main__ -   loss@19999:0.7480616569519043
07/25/2019 09:00:23 - INFO - __main__ -   loss@20999:0.6479988098144531
07/25/2019 09:08:45 - INFO - __main__ -   loss@21999:0.6581470370292664
07/25/2019 09:17:05 - INFO - __main__ -   loss@22999:0.6270827651023865
07/25/2019 09:25:28 - INFO - __main__ -   loss@23999:0.8087579011917114
07/25/2019 09:33:46 - INFO - __main__ -   loss@24999:0.5983264446258545
07/25/2019 09:42:12 - INFO - __main__ -   loss@25999:0.8327928781509399
07/25/2019 09:50:41 - INFO - __main__ -   loss@26999:0.4427500367164612
07/25/2019 09:59:09 - INFO - __main__ -   loss@27999:0.45326662063598633
07/25/2019 10:07:37 - INFO - __main__ -   loss@28999:0.8508991003036499
07/25/2019 10:16:05 - INFO - __main__ -   loss@29999:0.709595799446106
07/25/2019 10:24:29 - INFO - __main__ -   loss@30999:0.5964072942733765
07/25/2019 10:32:52 - INFO - __main__ -   loss@31999:0.40504831075668335
07/25/2019 10:41:15 - INFO - __main__ -   loss@32999:0.4511846601963043
07/25/2019 10:49:36 - INFO - __main__ -   loss@33999:0.3054966628551483
07/25/2019 10:58:02 - INFO - __main__ -   loss@34999:0.3380296230316162
07/25/2019 11:06:29 - INFO - __main__ -   loss@35999:0.8441008925437927
Epoch:  40%|████      | 4/10 [20:18:34<30:27:23, 18274.00s/it]07/25/2019 11:15:33 - INFO - __main__ -   loss@999:0.4266025125980377
07/25/2019 11:24:00 - INFO - __main__ -   loss@1999:0.7975936532020569
07/25/2019 11:32:27 - INFO - __main__ -   loss@2999:0.46247658133506775
07/25/2019 11:40:53 - INFO - __main__ -   loss@3999:0.7733147144317627
07/25/2019 11:49:19 - INFO - __main__ -   loss@4999:0.6313161849975586
07/25/2019 11:57:46 - INFO - __main__ -   loss@5999:0.8328988552093506
07/25/2019 12:06:13 - INFO - __main__ -   loss@6999:0.7113986015319824
07/25/2019 12:14:39 - INFO - __main__ -   loss@7999:0.4310177266597748
07/25/2019 12:23:05 - INFO - __main__ -   loss@8999:0.31958743929862976
07/25/2019 12:31:30 - INFO - __main__ -   loss@9999:0.5553581714630127
07/25/2019 12:39:56 - INFO - __main__ -   loss@10999:0.41784897446632385
07/25/2019 12:48:23 - INFO - __main__ -   loss@11999:0.5864240527153015
07/25/2019 12:56:51 - INFO - __main__ -   loss@12999:0.5488526821136475
07/25/2019 13:05:18 - INFO - __main__ -   loss@13999:0.3403473496437073
07/25/2019 13:13:44 - INFO - __main__ -   loss@14999:0.32875576615333557
07/25/2019 13:22:12 - INFO - __main__ -   loss@15999:0.37307247519493103
07/25/2019 13:30:37 - INFO - __main__ -   loss@16999:1.0247312784194946
07/25/2019 13:39:03 - INFO - __main__ -   loss@17999:0.4373995363712311
07/25/2019 13:47:28 - INFO - __main__ -   loss@18999:0.3920991122722626
07/25/2019 13:55:54 - INFO - __main__ -   loss@19999:0.5835209488868713
07/25/2019 14:04:21 - INFO - __main__ -   loss@20999:0.584026575088501
07/25/2019 14:12:46 - INFO - __main__ -   loss@21999:0.18065732717514038
07/25/2019 14:21:15 - INFO - __main__ -   loss@22999:0.12500262260437012
07/25/2019 14:29:46 - INFO - __main__ -   loss@23999:0.45533138513565063
07/25/2019 14:38:13 - INFO - __main__ -   loss@24999:0.4872896075248718
07/25/2019 14:46:37 - INFO - __main__ -   loss@25999:0.37862271070480347
07/25/2019 14:55:02 - INFO - __main__ -   loss@26999:0.30799898505210876
07/25/2019 15:03:25 - INFO - __main__ -   loss@27999:0.6133379936218262
07/25/2019 15:11:51 - INFO - __main__ -   loss@28999:0.9165287613868713
07/25/2019 15:20:15 - INFO - __main__ -   loss@29999:0.789055347442627
07/25/2019 15:28:38 - INFO - __main__ -   loss@30999:0.27718883752822876
07/25/2019 15:37:02 - INFO - __main__ -   loss@31999:0.37495580315589905
07/25/2019 15:45:26 - INFO - __main__ -   loss@32999:0.6752743721008301
07/25/2019 15:53:51 - INFO - __main__ -   loss@33999:0.43537601828575134
07/25/2019 16:02:17 - INFO - __main__ -   loss@34999:0.5895942449569702
07/25/2019 16:10:41 - INFO - __main__ -   loss@35999:0.8037636280059814
Epoch:  50%|█████     | 5/10 [25:22:46<25:22:17, 18267.41s/it]07/25/2019 16:19:44 - INFO - __main__ -   loss@999:0.18099285662174225
07/25/2019 16:28:11 - INFO - __main__ -   loss@1999:0.4213257431983948
07/25/2019 16:36:37 - INFO - __main__ -   loss@2999:0.6938833594322205
07/25/2019 16:45:02 - INFO - __main__ -   loss@3999:0.657390832901001
07/25/2019 16:53:26 - INFO - __main__ -   loss@4999:0.3591434359550476
07/25/2019 17:01:52 - INFO - __main__ -   loss@5999:0.1985970139503479
07/25/2019 17:10:17 - INFO - __main__ -   loss@6999:0.26897603273391724
07/25/2019 17:18:40 - INFO - __main__ -   loss@7999:0.4919191598892212
07/25/2019 17:27:03 - INFO - __main__ -   loss@8999:0.41835498809814453
07/25/2019 17:35:26 - INFO - __main__ -   loss@9999:0.5509111881256104
07/25/2019 17:43:53 - INFO - __main__ -   loss@10999:0.4279105067253113
07/25/2019 17:52:22 - INFO - __main__ -   loss@11999:0.274496853351593
07/25/2019 18:00:51 - INFO - __main__ -   loss@12999:0.343442440032959
07/25/2019 18:09:18 - INFO - __main__ -   loss@13999:0.3704192042350769
07/25/2019 18:17:43 - INFO - __main__ -   loss@14999:0.17617475986480713
07/25/2019 18:26:07 - INFO - __main__ -   loss@15999:0.5069538354873657
07/25/2019 18:34:30 - INFO - __main__ -   loss@16999:0.41274213790893555
07/25/2019 18:42:55 - INFO - __main__ -   loss@17999:0.6212877035140991
07/25/2019 18:51:20 - INFO - __main__ -   loss@18999:0.18363207578659058
07/25/2019 18:59:46 - INFO - __main__ -   loss@19999:0.2174486219882965
07/25/2019 19:08:07 - INFO - __main__ -   loss@20999:0.4207596480846405
07/25/2019 19:16:31 - INFO - __main__ -   loss@21999:0.5452667474746704
07/25/2019 19:24:53 - INFO - __main__ -   loss@22999:0.30370551347732544
07/25/2019 19:33:14 - INFO - __main__ -   loss@23999:0.3989294767379761
07/25/2019 19:41:37 - INFO - __main__ -   loss@24999:0.30097129940986633
07/25/2019 19:50:00 - INFO - __main__ -   loss@25999:0.15159250795841217
07/25/2019 19:58:21 - INFO - __main__ -   loss@26999:0.28228819370269775
07/25/2019 20:06:43 - INFO - __main__ -   loss@27999:0.4328061044216156
07/25/2019 20:15:05 - INFO - __main__ -   loss@28999:0.26601430773735046
07/25/2019 20:23:27 - INFO - __main__ -   loss@29999:0.14329402148723602
07/25/2019 20:31:51 - INFO - __main__ -   loss@30999:0.6147432327270508
07/25/2019 20:40:11 - INFO - __main__ -   loss@31999:0.29499462246894836
07/25/2019 20:48:34 - INFO - __main__ -   loss@32999:0.5108565092086792
07/25/2019 20:56:59 - INFO - __main__ -   loss@33999:0.2836308777332306
07/25/2019 21:05:25 - INFO - __main__ -   loss@34999:0.19712486863136292
07/25/2019 21:13:49 - INFO - __main__ -   loss@35999:0.3028515577316284
Epoch:  60%|██████    | 6/10 [30:25:54<20:16:14, 18243.60s/it]07/25/2019 21:22:50 - INFO - __main__ -   loss@999:0.19218803942203522
07/25/2019 21:31:18 - INFO - __main__ -   loss@1999:0.48109298944473267
07/25/2019 21:39:44 - INFO - __main__ -   loss@2999:0.2766079008579254
07/25/2019 21:48:11 - INFO - __main__ -   loss@3999:0.2693767845630646
07/25/2019 21:56:35 - INFO - __main__ -   loss@4999:0.3182152807712555
07/25/2019 22:04:58 - INFO - __main__ -   loss@5999:0.16564354300498962
07/25/2019 22:13:21 - INFO - __main__ -   loss@6999:0.5416477918624878
07/25/2019 22:21:46 - INFO - __main__ -   loss@7999:0.17958424985408783
07/25/2019 22:30:10 - INFO - __main__ -   loss@8999:0.25828760862350464
07/25/2019 22:38:33 - INFO - __main__ -   loss@9999:0.3291071951389313
07/25/2019 22:46:57 - INFO - __main__ -   loss@10999:0.32548895478248596
07/25/2019 22:55:22 - INFO - __main__ -   loss@11999:0.3259594142436981
07/25/2019 23:03:49 - INFO - __main__ -   loss@12999:0.23544692993164062
07/25/2019 23:12:15 - INFO - __main__ -   loss@13999:0.13505986332893372
07/25/2019 23:20:40 - INFO - __main__ -   loss@14999:0.057427361607551575
07/25/2019 23:29:04 - INFO - __main__ -   loss@15999:0.11534589529037476
07/25/2019 23:37:29 - INFO - __main__ -   loss@16999:0.12879464030265808
07/25/2019 23:45:52 - INFO - __main__ -   loss@17999:0.19022810459136963
07/25/2019 23:54:18 - INFO - __main__ -   loss@18999:0.3145160377025604
07/26/2019 00:02:44 - INFO - __main__ -   loss@19999:0.5796973705291748
07/26/2019 00:11:09 - INFO - __main__ -   loss@20999:0.11343975365161896
07/26/2019 00:19:34 - INFO - __main__ -   loss@21999:0.15807965397834778
07/26/2019 00:27:58 - INFO - __main__ -   loss@22999:0.5077472925186157
07/26/2019 00:36:26 - INFO - __main__ -   loss@23999:0.4985334873199463
07/26/2019 00:44:52 - INFO - __main__ -   loss@24999:0.39391598105430603
07/26/2019 00:53:19 - INFO - __main__ -   loss@25999:0.22050704061985016
07/26/2019 01:01:46 - INFO - __main__ -   loss@26999:0.4582093358039856
07/26/2019 01:10:12 - INFO - __main__ -   loss@27999:0.3582301437854767
07/26/2019 01:18:39 - INFO - __main__ -   loss@28999:0.3215213418006897
07/26/2019 01:27:06 - INFO - __main__ -   loss@29999:0.28609731793403625
07/26/2019 01:35:33 - INFO - __main__ -   loss@30999:0.6796733140945435
07/26/2019 01:44:00 - INFO - __main__ -   loss@31999:0.15303148329257965
07/26/2019 01:52:27 - INFO - __main__ -   loss@32999:0.5194747447967529
07/26/2019 02:00:54 - INFO - __main__ -   loss@33999:0.34094080328941345
07/26/2019 02:09:21 - INFO - __main__ -   loss@34999:0.19517385959625244
07/26/2019 02:17:48 - INFO - __main__ -   loss@35999:0.6296600103378296
Epoch:  70%|███████   | 7/10 [35:29:54<15:12:06, 18242.31s/it]07/26/2019 02:26:51 - INFO - __main__ -   loss@999:0.40664541721343994
07/26/2019 02:35:17 - INFO - __main__ -   loss@1999:0.3345205783843994
07/26/2019 02:43:44 - INFO - __main__ -   loss@2999:0.24721257388591766
07/26/2019 02:52:13 - INFO - __main__ -   loss@3999:0.37160807847976685
07/26/2019 03:00:39 - INFO - __main__ -   loss@4999:0.12183709442615509
07/26/2019 03:09:07 - INFO - __main__ -   loss@5999:0.19903039932250977
07/26/2019 03:17:34 - INFO - __main__ -   loss@6999:0.3215789496898651
07/26/2019 03:26:03 - INFO - __main__ -   loss@7999:0.19520339369773865
07/26/2019 03:34:30 - INFO - __main__ -   loss@8999:0.12357375025749207
07/26/2019 03:42:57 - INFO - __main__ -   loss@9999:0.2943386733531952
07/26/2019 03:51:23 - INFO - __main__ -   loss@10999:0.1679074913263321
07/26/2019 03:59:50 - INFO - __main__ -   loss@11999:0.2362854927778244
07/26/2019 04:08:17 - INFO - __main__ -   loss@12999:0.15557861328125
07/26/2019 04:16:42 - INFO - __main__ -   loss@13999:0.194990336894989
07/26/2019 04:25:09 - INFO - __main__ -   loss@14999:0.2025294154882431
07/26/2019 04:33:36 - INFO - __main__ -   loss@15999:0.3182666599750519
07/26/2019 04:42:02 - INFO - __main__ -   loss@16999:0.20304082334041595
07/26/2019 04:50:28 - INFO - __main__ -   loss@17999:0.2273271083831787
07/26/2019 04:58:54 - INFO - __main__ -   loss@18999:0.1956614851951599
07/26/2019 05:07:21 - INFO - __main__ -   loss@19999:0.3809918761253357
07/26/2019 05:15:47 - INFO - __main__ -   loss@20999:0.40865659713745117
07/26/2019 05:24:13 - INFO - __main__ -   loss@21999:0.34867024421691895
07/26/2019 05:32:41 - INFO - __main__ -   loss@22999:0.2336074709892273
07/26/2019 05:41:07 - INFO - __main__ -   loss@23999:0.30572521686553955
07/26/2019 05:49:35 - INFO - __main__ -   loss@24999:0.11496144533157349
07/26/2019 05:58:04 - INFO - __main__ -   loss@25999:0.3903474509716034
07/26/2019 06:06:31 - INFO - __main__ -   loss@26999:0.5373334884643555
07/26/2019 06:14:56 - INFO - __main__ -   loss@27999:0.11258897185325623
07/26/2019 06:23:19 - INFO - __main__ -   loss@28999:0.2296067327260971
07/26/2019 06:31:42 - INFO - __main__ -   loss@29999:0.3591640293598175
07/26/2019 06:40:08 - INFO - __main__ -   loss@30999:0.1674993485212326
07/26/2019 06:48:37 - INFO - __main__ -   loss@31999:0.14164355397224426
07/26/2019 06:57:06 - INFO - __main__ -   loss@32999:0.20040678977966309
07/26/2019 07:05:32 - INFO - __main__ -   loss@33999:0.22776630520820618
07/26/2019 07:14:01 - INFO - __main__ -   loss@34999:0.13684886693954468
07/26/2019 07:22:30 - INFO - __main__ -   loss@35999:0.3000366687774658
Epoch:  80%|████████  | 8/10 [40:34:36<10:08:28, 18254.31s/it]07/26/2019 07:31:34 - INFO - __main__ -   loss@999:0.15971781313419342
07/26/2019 07:40:03 - INFO - __main__ -   loss@1999:0.1951732486486435
07/26/2019 07:48:29 - INFO - __main__ -   loss@2999:0.08921411633491516
07/26/2019 07:56:57 - INFO - __main__ -   loss@3999:0.17752236127853394
07/26/2019 08:05:23 - INFO - __main__ -   loss@4999:0.2636236548423767
07/26/2019 08:13:51 - INFO - __main__ -   loss@5999:0.3399445116519928
07/26/2019 08:22:18 - INFO - __main__ -   loss@6999:0.1947629600763321
07/26/2019 08:30:45 - INFO - __main__ -   loss@7999:0.21283528208732605
07/26/2019 08:39:12 - INFO - __main__ -   loss@8999:0.1030997484922409
07/26/2019 08:47:38 - INFO - __main__ -   loss@9999:0.20787808299064636
07/26/2019 08:56:05 - INFO - __main__ -   loss@10999:0.24118110537528992
07/26/2019 09:04:32 - INFO - __main__ -   loss@11999:0.14405041933059692
07/26/2019 09:12:58 - INFO - __main__ -   loss@12999:0.4628351032733917
07/26/2019 09:21:22 - INFO - __main__ -   loss@13999:0.10563328862190247
07/26/2019 09:29:43 - INFO - __main__ -   loss@14999:0.13935546576976776
07/26/2019 09:37:57 - INFO - __main__ -   loss@15999:0.18475979566574097
07/26/2019 09:46:12 - INFO - __main__ -   loss@16999:0.2727474868297577
07/26/2019 09:54:28 - INFO - __main__ -   loss@17999:0.35342034697532654
07/26/2019 10:02:44 - INFO - __main__ -   loss@18999:0.2550346553325653
07/26/2019 10:11:00 - INFO - __main__ -   loss@19999:0.2050948292016983
07/26/2019 10:19:16 - INFO - __main__ -   loss@20999:0.1626463681459427
07/26/2019 10:27:35 - INFO - __main__ -   loss@21999:0.17627978324890137
07/26/2019 10:35:54 - INFO - __main__ -   loss@22999:0.1480185091495514
07/26/2019 10:44:14 - INFO - __main__ -   loss@23999:0.06330956518650055
07/26/2019 10:52:39 - INFO - __main__ -   loss@24999:0.29659098386764526
07/26/2019 11:01:04 - INFO - __main__ -   loss@25999:0.3442932367324829
07/26/2019 11:09:30 - INFO - __main__ -   loss@26999:0.11498062312602997
07/26/2019 11:17:59 - INFO - __main__ -   loss@27999:0.19680669903755188
07/26/2019 11:26:29 - INFO - __main__ -   loss@28999:0.49193742871284485
07/26/2019 11:34:59 - INFO - __main__ -   loss@29999:0.18858717381954193
07/26/2019 11:43:31 - INFO - __main__ -   loss@30999:0.1086914986371994
07/26/2019 11:52:01 - INFO - __main__ -   loss@31999:0.18061493337154388
07/26/2019 12:00:30 - INFO - __main__ -   loss@32999:0.20467643439769745
07/26/2019 12:08:56 - INFO - __main__ -   loss@33999:0.24205952882766724
07/26/2019 12:17:27 - INFO - __main__ -   loss@34999:0.25680530071258545
07/26/2019 12:25:59 - INFO - __main__ -   loss@35999:0.1493101418018341
Epoch:  90%|█████████ | 9/10 [45:38:04<5:04:00, 18240.37s/it] 07/26/2019 12:35:00 - INFO - __main__ -   loss@999:0.2654424011707306
07/26/2019 12:43:25 - INFO - __main__ -   loss@1999:0.12550508975982666
07/26/2019 12:51:53 - INFO - __main__ -   loss@2999:0.1165713220834732
07/26/2019 13:00:23 - INFO - __main__ -   loss@3999:0.08224119246006012
07/26/2019 13:08:47 - INFO - __main__ -   loss@4999:0.30359935760498047
07/26/2019 13:17:11 - INFO - __main__ -   loss@5999:0.17731083929538727
07/26/2019 13:25:40 - INFO - __main__ -   loss@6999:0.1073806881904602
07/26/2019 13:34:10 - INFO - __main__ -   loss@7999:0.09761212766170502
07/26/2019 13:42:41 - INFO - __main__ -   loss@8999:0.09927701950073242
07/26/2019 13:51:06 - INFO - __main__ -   loss@9999:0.4385550320148468
07/26/2019 13:59:27 - INFO - __main__ -   loss@10999:0.33545422554016113
07/26/2019 14:07:51 - INFO - __main__ -   loss@11999:0.3588173985481262
07/26/2019 14:16:16 - INFO - __main__ -   loss@12999:0.20007175207138062
07/26/2019 14:24:44 - INFO - __main__ -   loss@13999:0.1545482575893402
07/26/2019 14:33:13 - INFO - __main__ -   loss@14999:0.14380033314228058
07/26/2019 14:41:37 - INFO - __main__ -   loss@15999:0.186662495136261
07/26/2019 14:50:02 - INFO - __main__ -   loss@16999:0.2463827282190323
07/26/2019 14:58:28 - INFO - __main__ -   loss@17999:0.06926065683364868
07/26/2019 15:06:53 - INFO - __main__ -   loss@18999:0.24839767813682556
07/26/2019 15:15:17 - INFO - __main__ -   loss@19999:0.2773987352848053
07/26/2019 15:23:41 - INFO - __main__ -   loss@20999:0.23331613838672638
07/26/2019 15:32:03 - INFO - __main__ -   loss@21999:0.1595163345336914
07/26/2019 15:40:27 - INFO - __main__ -   loss@22999:0.530242383480072
07/26/2019 15:48:56 - INFO - __main__ -   loss@23999:0.048409342765808105
07/26/2019 15:57:27 - INFO - __main__ -   loss@24999:0.08786110579967499
07/26/2019 16:05:52 - INFO - __main__ -   loss@25999:0.09677337110042572
07/26/2019 16:14:15 - INFO - __main__ -   loss@26999:0.09509187936782837
07/26/2019 16:22:38 - INFO - __main__ -   loss@27999:0.15419591963291168
07/26/2019 16:31:01 - INFO - __main__ -   loss@28999:0.11338084936141968
07/26/2019 16:39:26 - INFO - __main__ -   loss@29999:0.3719097077846527
07/26/2019 16:47:53 - INFO - __main__ -   loss@30999:0.1893913745880127
07/26/2019 16:56:21 - INFO - __main__ -   loss@31999:0.28187045454978943
07/26/2019 17:04:49 - INFO - __main__ -   loss@32999:0.1540992707014084
07/26/2019 17:13:14 - INFO - __main__ -   loss@33999:0.12188337743282318
07/26/2019 17:21:41 - INFO - __main__ -   loss@34999:0.09480211138725281
07/26/2019 17:30:07 - INFO - __main__ -   loss@35999:0.3053193688392639
Epoch: 100%|██████████| 10/10 [50:42:12<00:00, 18242.85s/it] 
07/26/2019 17:31:29 - INFO - __main__ -   ***** Running predictions *****
07/26/2019 17:31:29 - INFO - __main__ -     Num orig examples = 23011
07/26/2019 17:31:29 - INFO - __main__ -     Num split examples = 23011
07/26/2019 17:31:29 - INFO - __main__ -     Batch size = 16
07/26/2019 17:31:31 - INFO - __main__ -   Start evaluating
07/26/2019 17:31:31 - INFO - __main__ -   Processing example: 0
07/26/2019 17:31:48 - INFO - __main__ -   Processing example: 2000
07/26/2019 17:32:06 - INFO - __main__ -   Processing example: 4000
07/26/2019 17:32:26 - INFO - __main__ -   Processing example: 6000
07/26/2019 17:32:46 - INFO - __main__ -   Processing example: 8000
07/26/2019 17:33:06 - INFO - __main__ -   Processing example: 10000
07/26/2019 17:33:26 - INFO - __main__ -   Processing example: 12000
07/26/2019 17:33:45 - INFO - __main__ -   Processing example: 14000
07/26/2019 17:34:05 - INFO - __main__ -   Processing example: 16000
07/26/2019 17:34:25 - INFO - __main__ -   Processing example: 18000
07/26/2019 17:34:45 - INFO - __main__ -   Processing example: 20000
07/26/2019 17:35:05 - INFO - __main__ -   Processing example: 22000
